<?xml version="1.0" encoding="UTF-8"?>
<!-- Generated by org.testng.reporters.JUnitReportReporter -->
<testsuite hostname="DESKTOP-0NKI9S4" failures="0" tests="1" name="com.tn.testcases.CheckoutTest" time="10.070" errors="0" timestamp="2023-06-22T20:59:39 PDT" skipped="0">
  <testcase classname="com.tn.testcases.CheckoutTest" name="verifyCorrectProductDuringCheckout" time="10.070"/>
  <system-out/>
</testsuite> <!-- com.tn.testcases.CheckoutTest -->
