<?xml version="1.0" encoding="UTF-8"?>
<!-- Generated by org.testng.reporters.JUnitReportReporter -->
<testsuite hostname="DESKTOP-0NKI9S4" failures="0" tests="1" name="com.easy.testcases.VerifyCertainElements" time="7.554" errors="0" timestamp="2023-06-28T00:17:23 PDT" skipped="0">
  <testcase classname="com.easy.testcases.VerifyCertainElements" name="verifyCertainElementsInAPage" time="7.554"/>
  <system-out/>
</testsuite> <!-- com.easy.testcases.VerifyCertainElements -->
