<?xml version="1.0" encoding="UTF-8"?>
<!-- Generated by org.testng.reporters.JUnitReportReporter -->
<testsuite hostname="DESKTOP-0NKI9S4" failures="0" tests="1" name="com.tn.testcases.RegisterTest" time="11.508" errors="0" timestamp="2023-06-27T23:52:52 PDT" skipped="0">
  <testcase classname="com.tn.testcases.RegisterTest" name="verifyRegistrationWithValidCredentials" time="11.508"/>
  <system-out/>
</testsuite> <!-- com.tn.testcases.RegisterTest -->
