<?xml version="1.0" encoding="UTF-8"?>
<!-- Generated by org.testng.reporters.JUnitReportReporter -->
<testsuite hostname="DESKTOP-0NKI9S4" failures="0" tests="1" name="com.tn.testcases.SearchProductTest" time="9.853" errors="0" timestamp="2023-06-22T17:47:44 PDT" skipped="0">
  <testcase classname="com.tn.testcases.SearchProductTest" name="verifySearchProduct" time="9.853"/>
  <system-out/>
</testsuite> <!-- com.tn.testcases.SearchProductTest -->
