<?xml version="1.0" encoding="UTF-8"?>
<!-- Generated by org.testng.reporters.JUnitReportReporter -->
<testsuite hostname="DESKTOP-0NKI9S4" failures="0" tests="6" name="com.tn.testcases.LoginTest" time="51.306" errors="0" timestamp="2023-06-22T21:50:56 PDT" skipped="0">
  <testcase classname="com.tn.testcases.LoginTest" name="verifyLoginWithValidCredentials" time="7.910"/>
  <system-out/>
  <testcase classname="com.tn.testcases.LoginTest" name="verifyLoginWithValidCredentials" time="7.615"/>
  <system-out/>
  <testcase classname="com.tn.testcases.LoginTest" name="verifyLoginWithValidCredentials" time="9.741"/>
  <system-out/>
  <testcase classname="com.tn.testcases.LoginTest" name="verifyLoginWithValidCredentials" time="7.845"/>
  <system-out/>
  <testcase classname="com.tn.testcases.LoginTest" name="verifyLoginWithValidCredentials" time="9.205"/>
  <system-out/>
  <testcase classname="com.tn.testcases.LoginTest" name="verifyLoginWithValidCredentials" time="8.990"/>
  <system-out/>
</testsuite> <!-- com.tn.testcases.LoginTest -->
