<?xml version="1.0" encoding="UTF-8"?>
<!-- Generated by org.testng.reporters.JUnitReportReporter -->
<testsuite hostname="DESKTOP-0NKI9S4" failures="0" tests="1" name="com.tn.testcases.ShoppingCartTest" time="11.658" errors="0" timestamp="2023-06-22T17:12:05 PDT" skipped="0">
  <testcase classname="com.tn.testcases.ShoppingCartTest" name="verifyAddProductToCart" time="11.658"/>
  <system-out/>
</testsuite> <!-- com.tn.testcases.ShoppingCartTest -->
