<?xml version="1.0" encoding="UTF-8"?>
<!-- Generated by org.testng.reporters.JUnitReportReporter -->
<testsuite hostname="DESKTOP-0NKI9S4" failures="0" tests="1" name="com.easy.testcases.VerifySuccessfulLogin" time="8.931" errors="0" timestamp="2023-06-23T00:08:44 PDT" skipped="0">
  <testcase classname="com.easy.testcases.VerifySuccessfulLogin" name="verifyTitleOfPage" time="8.931"/>
  <system-out/>
</testsuite> <!-- com.easy.testcases.VerifySuccessfulLogin -->
