<?xml version="1.0" encoding="UTF-8"?>
<!-- Generated by org.testng.reporters.JUnitReportReporter -->
<testsuite hostname="DESKTOP-0NKI9S4" failures="0" tests="1" name="com.tn.testcases.HomePageTest" time="8.877" errors="0" timestamp="2023-06-23T00:34:25 PDT" skipped="0">
  <testcase classname="com.tn.testcases.HomePageTest" name="verifyPresenceOfElements" time="8.877"/>
  <system-out/>
</testsuite> <!-- com.tn.testcases.HomePageTest -->
